# JRE version: Java(TM) SE Runtime Environment (17.0.2+8) (build 17.0.2+8-LTS-86)
# Java VM: Java HotSpot(TM) 64-Bit Server VM (17.0.2+8-LTS-86, mixed mode, sharing, tiered, compressed oops, compressed class ptrs, g1 gc, windows-amd64)
GC Precious Log:
 CPUs: 16 total, 16 available
 Memory: 64721M
 Large Page Support: Disabled
 NUMA Support: Disabled
 Compressed Oops: Enabled (Zero based)
 Heap Region Size: 8M
 Heap Min Capacity: 8M
 Heap Initial Capacity: 1016M
 Heap Max Capacity: 16184M
 Pre-touch: Disabled
 Parallel Workers: 13
 Concurrent Workers: 3
 Concurrent Refinement Workers: 13
 Periodic GC: Disabled
Heap:
 garbage-first heap   total 1040384K, used 376147K [0x000000040c800000, 0x0000000800000000)
  region size 8192K, 47 young (385024K), 1 survivors (8192K)
 Metaspace       used 10929K, committed 11200K, reserved 1064960K
  class space    used 1205K, committed 1344K, reserved 1048576K
GC Heap History (20 events):
Event: 13.304 GC heap before
{Heap before GC invocations=1 (full 0):
 garbage-first heap   total 1040384K, used 48560K [0x000000040c800000, 0x0000000800000000)
  region size 8192K, 6 young (49152K), 1 survivors (8192K)
 Metaspace       used 10687K, committed 10880K, reserved 1064960K
  class space    used 1189K, committed 1280K, reserved 1048576K
}
Event: 13.307 GC heap after
{Heap after GC invocations=2 (full 0):
 garbage-first heap   total 1040384K, used 8190K [0x000000040c800000, 0x0000000800000000)
  region size 8192K, 1 young (8192K), 1 survivors (8192K)
 Metaspace       used 10687K, committed 10880K, reserved 1064960K
  class space    used 1189K, committed 1280K, reserved 1048576K
}
Event: 13.440 GC heap before
{Heap before GC invocations=2 (full 0):
 garbage-first heap   total 1040384K, used 122878K [0x000000040c800000, 0x0000000800000000)
  region size 8192K, 15 young (122880K), 1 survivors (8192K)
 Metaspace       used 10690K, committed 10880K, reserved 1064960K
  class space    used 1189K, committed 1280K, reserved 1048576K
}
Event: 13.441 GC heap after
{Heap after GC invocations=3 (full 0):
 garbage-first heap   total 1040384K, used 7533K [0x000000040c800000, 0x0000000800000000)
  region size 8192K, 1 young (8192K), 1 survivors (8192K)
 Metaspace       used 10690K, committed 10880K, reserved 1064960K
  class space    used 1189K, committed 1280K, reserved 1048576K
}
Event: 14.020 GC heap before
{Heap before GC invocations=3 (full 0):
 garbage-first heap   total 1040384K, used 621933K [0x000000040c800000, 0x0000000800000000)
  region size 8192K, 76 young (622592K), 1 survivors (8192K)
 Metaspace       used 10703K, committed 10880K, reserved 1064960K
  class space    used 1189K, committed 1280K, reserved 1048576K
}
Event: 14.022 GC heap after
{Heap after GC invocations=4 (full 0):
 garbage-first heap   total 1040384K, used 7481K [0x000000040c800000, 0x0000000800000000)
  region size 8192K, 1 young (8192K), 1 survivors (8192K)
 Metaspace       used 10703K, committed 10880K, reserved 1064960K
  class space    used 1189K, committed 1280K, reserved 1048576K
}
Event: 14.531 GC heap before
{Heap before GC invocations=4 (full 0):
 garbage-first heap   total 1040384K, used 621881K [0x000000040c800000, 0x0000000800000000)
  region size 8192K, 76 young (622592K), 1 survivors (8192K)
 Metaspace       used 10761K, committed 10944K, reserved 1064960K
  class space    used 1191K, committed 1280K, reserved 1048576K
}
Event: 14.533 GC heap after
{Heap after GC invocations=5 (full 0):
 garbage-first heap   total 1040384K, used 7505K [0x000000040c800000, 0x0000000800000000)
  region size 8192K, 1 young (8192K), 1 survivors (8192K)
 Metaspace       used 10761K, committed 10944K, reserved 1064960K
  class space    used 1191K, committed 1280K, reserved 1048576K
}
Event: 15.039 GC heap before
{Heap before GC invocations=5 (full 0):
 garbage-first heap   total 1040384K, used 621905K [0x000000040c800000, 0x0000000800000000)
  region size 8192K, 76 young (622592K), 1 survivors (8192K)
 Metaspace       used 10778K, committed 10944K, reserved 1064960K
  class space    used 1191K, committed 1280K, reserved 1048576K
}
Event: 15.041 GC heap after
{Heap after GC invocations=6 (full 0):
 garbage-first heap   total 1040384K, used 7508K [0x000000040c800000, 0x0000000800000000)
  region size 8192K, 1 young (8192K), 1 survivors (8192K)
 Metaspace       used 10778K, committed 10944K, reserved 1064960K
  class space    used 1191K, committed 1280K, reserved 1048576K
}
Event: 15.534 GC heap before
{Heap before GC invocations=6 (full 0):
 garbage-first heap   total 1040384K, used 621908K [0x000000040c800000, 0x0000000800000000)
  region size 8192K, 76 young (622592K), 1 survivors (8192K)
 Metaspace       used 10787K, committed 10944K, reserved 1064960K
  class space    used 1191K, committed 1280K, reserved 1048576K
}
Event: 15.536 GC heap after
{Heap after GC invocations=7 (full 0):
 garbage-first heap   total 1040384K, used 7511K [0x000000040c800000, 0x0000000800000000)
  region size 8192K, 1 young (8192K), 1 survivors (8192K)
 Metaspace       used 10787K, committed 10944K, reserved 1064960K
  class space    used 1191K, committed 1280K, reserved 1048576K
}
Event: 16.046 GC heap before
{Heap before GC invocations=7 (full 0):
 garbage-first heap   total 1040384K, used 621911K [0x000000040c800000, 0x0000000800000000)
  region size 8192K, 76 young (622592K), 1 survivors (8192K)
 Metaspace       used 10793K, committed 10944K, reserved 1064960K
  class space    used 1191K, committed 1280K, reserved 1048576K
}
Event: 16.048 GC heap after
{Heap after GC invocations=8 (full 0):
 garbage-first heap   total 1040384K, used 7505K [0x000000040c800000, 0x0000000800000000)
  region size 8192K, 1 young (8192K), 1 survivors (8192K)
 Metaspace       used 10793K, committed 10944K, reserved 1064960K
  class space    used 1191K, committed 1280K, reserved 1048576K
}
Event: 16.533 GC heap before
{Heap before GC invocations=8 (full 0):
 garbage-first heap   total 1040384K, used 621905K [0x000000040c800000, 0x0000000800000000)
  region size 8192K, 76 young (622592K), 1 survivors (8192K)
 Metaspace       used 10826K, committed 11008K, reserved 1064960K
  class space    used 1191K, committed 1280K, reserved 1048576K
}
Event: 16.534 GC heap after
{Heap after GC invocations=9 (full 0):
 garbage-first heap   total 1040384K, used 7510K [0x000000040c800000, 0x0000000800000000)
  region size 8192K, 1 young (8192K), 1 survivors (8192K)
 Metaspace       used 10826K, committed 11008K, reserved 1064960K
  class space    used 1191K, committed 1280K, reserved 1048576K
}
Event: 17.014 GC heap before
{Heap before GC invocations=9 (full 0):
 garbage-first heap   total 1040384K, used 621910K [0x000000040c800000, 0x0000000800000000)
  region size 8192K, 76 young (622592K), 1 survivors (8192K)
 Metaspace       used 10826K, committed 11008K, reserved 1064960K
  class space    used 1191K, committed 1280K, reserved 1048576K
}
Event: 17.016 GC heap after
{Heap after GC invocations=10 (full 0):
 garbage-first heap   total 1040384K, used 7511K [0x000000040c800000, 0x0000000800000000)
  region size 8192K, 1 young (8192K), 1 survivors (8192K)
 Metaspace       used 10826K, committed 11008K, reserved 1064960K
  class space    used 1191K, committed 1280K, reserved 1048576K
}
Event: 17.503 GC heap before
{Heap before GC invocations=10 (full 0):
 garbage-first heap   total 1040384K, used 621911K [0x000000040c800000, 0x0000000800000000)
  region size 8192K, 76 young (622592K), 1 survivors (8192K)
 Metaspace       used 10830K, committed 11008K, reserved 1064960K
  class space    used 1191K, committed 1280K, reserved 1048576K
}
Event: 17.504 GC heap after
{Heap after GC invocations=11 (full 0):
 garbage-first heap   total 1040384K, used 7507K [0x000000040c800000, 0x0000000800000000)
  region size 8192K, 1 young (8192K), 1 survivors (8192K)
 Metaspace       used 10830K, committed 11008K, reserved 1064960K
  class space    used 1191K, committed 1280K, reserved 1048576K
}

